{"meta": {"format": 3, "version": "7.14.0", "timestamp": "2026-06-19T08:53:04.393709", "branch_coverage": false, "show_contexts": false}, "files": {"apps\\ai_config_manager\\__init__.py": {"executed_lines": [], "summary": {"covered_lines": 0, "num_statements": 0, "percent_covered": 100.0, "percent_covered_display": "100.00", "missing_lines": 0, "excluded_lines": 0, "percent_statements_covered": 100.0, "percent_statements_covered_display": "100.00"}, "missing_lines": [], "excluded_lines": [], "functions": {"": {"executed_lines": [], "summary": {"covered_lines": 0, "num_statements": 0, "percent_covered": 100.0, "percent_covered_display": "100.00", "missing_lines": 0, "excluded_lines": 0, "percent_statements_covered": 100.0, "percent_statements_covered_display": "100.00"}, "missing_lines": [], "excluded_lines": [], "start_line": 1}}, "classes": {"": {"executed_lines": [], "summary": {"covered_lines": 0, "num_statements": 0, "percent_covered": 100.0, "percent_covered_display": "100.00", "missing_lines": 0, "excluded_lines": 0, "percent_statements_covered": 100.0, "percent_statements_covered_display": "100.00"}, "missing_lines": [], "excluded_lines": [], "start_line": 1}}}, "apps\\ai_config_manager\\tests\\__init__.py": {"executed_lines": [2], "summary": {"covered_lines": 1, "num_statements": 5, "percent_covered": 20.0, "percent_covered_display": "20.00", "missing_lines": 4, "excluded_lines": 0, "percent_statements_covered": 20.0, "percent_statements_covered_display": "20.00"}, "missing_lines": [5, 6, 7, 8], "excluded_lines": [], "functions": {"test_imports_work": {"executed_lines": [], "summary": {"covered_lines": 0, "num_statements": 3, "percent_covered": 0.0, "percent_covered_display": "0.00", "missing_lines": 3, "excluded_lines": 0, "percent_statements_covered": 0.0, "percent_statements_covered_display": "0.00"}, "missing_lines": [6, 7, 8], "excluded_lines": [], "start_line": 5}, "": {"executed_lines": [2], "summary": {"covered_lines": 1, "num_statements": 2, "percent_covered": 50.0, "percent_covered_display": "50.00", "missing_lines": 1, "excluded_lines": 0, "percent_statements_covered": 50.0, "percent_statements_covered_display": "50.00"}, "missing_lines": [5], "excluded_lines": [], "start_line": 1}}, "classes": {"": {"executed_lines": [2], "summary": {"covered_lines": 1, "num_statements": 5, "percent_covered": 20.0, "percent_covered_display": "20.00", "missing_lines": 4, "excluded_lines": 0, "percent_statements_covered": 20.0, "percent_statements_covered_display": "20.00"}, "missing_lines": [5, 6, 7, 8], "excluded_lines": [], "start_line": 1}}}, "conftest.py": {"executed_lines": [3, 4, 6, 9, 25, 31, 34], "summary": {"covered_lines": 7, "num_statements": 32, "percent_covered": 21.875, "percent_covered_display": "21.88", "missing_lines": 25, "excluded_lines": 0, "percent_statements_covered": 21.875, "percent_statements_covered_display": "21.88"}, "missing_lines": [11, 12, 14, 15, 16, 17, 18, 19, 20, 21, 22, 35, 36, 37, 38, 40, 41, 43, 44, 45, 46, 47, 48, 49, 50], "excluded_lines": [], "functions": {"pytest_configure": {"executed_lines": [], "summary": {"covered_lines": 0, "num_statements": 11, "percent_covered": 0.0, "percent_covered_display": "0.00", "missing_lines": 11, "excluded_lines": 0, "percent_statements_covered": 0.0, "percent_statements_covered_display": "0.00"}, "missing_lines": [11, 12, 14, 15, 16, 17, 18, 19, 20, 21, 22], "excluded_lines": [], "start_line": 9}, "pytest_collection_modifyitems": {"executed_lines": [], "summary": {"covered_lines": 0, "num_statements": 14, "percent_covered": 0.0, "percent_covered_display": "0.00", "missing_lines": 14, "excluded_lines": 0, "percent_statements_covered": 0.0, "percent_statements_covered_display": "0.00"}, "missing_lines": [35, 36, 37, 38, 40, 41, 43, 44, 45, 46, 47, 48, 49, 50], "excluded_lines": [], "start_line": 34}, "": {"executed_lines": [3, 4, 6, 9, 25, 31, 34], "summary": {"covered_lines": 7, "num_statements": 7, "percent_covered": 100.0, "percent_covered_display": "100.00", "missing_lines": 0, "excluded_lines": 0, "percent_statements_covered": 100.0, "percent_statements_covered_display": "100.00"}, "missing_lines": [], "excluded_lines": [], "start_line": 1}}, "classes": {"": {"executed_lines": [3, 4, 6, 9, 25, 31, 34], "summary": {"covered_lines": 7, "num_statements": 32, "percent_covered": 21.875, "percent_covered_display": "21.88", "missing_lines": 25, "excluded_lines": 0, "percent_statements_covered": 21.875, "percent_statements_covered_display": "21.88"}, "missing_lines": [11, 12, 14, 15, 16, 17, 18, 19, 20, 21, 22, 35, 36, 37, 38, 40, 41, 43, 44, 45, 46, 47, 48, 49, 50], "excluded_lines": [], "start_line": 1}}}}, "totals": {"covered_lines": 8, "num_statements": 37, "percent_covered": 21.62162162162162, "percent_covered_display": "21.62", "missing_lines": 29, "excluded_lines": 0, "percent_statements_covered": 21.62162162162162, "percent_statements_covered_display": "21.62"}}
