============================= test session starts =============================
platform win32 -- Python 3.12.5, pytest-9.0.3, pluggy-1.6.0 -- C:\Users\Z\.pyenv\pyenv-win\versions\3.12.5\python.exe
cachedir: .pytest_cache
hypothesis profile 'default'
rootdir: C:\repo\apps\ai_config_manager
configfile: pyproject.toml
plugins: anyio-4.13.0, hypothesis-6.152.7, langsmith-0.8.0, locust-2.43.4, asyncio-1.3.0, cov-7.1.0, mock-3.15.1
asyncio: mode=Mode.STRICT, debug=False, asyncio_default_fixture_loop_scope=None, asyncio_default_test_loop_scope=function
collecting ... collected 71 items

tests/test_config.py::TestBasicFunctionality::test_service_imports_successfully PASSED [  1%]
tests/test_config.py::TestBasicFunctionality::test_config_is_valid PASSED [  2%]
tests/test_config.py::TestBasicFunctionality::test_service_instance_created PASSED [  4%]
tests/test_config.py::TestBasicFunctionality::test_config_loading PASSED [  5%]
tests/test_config.py::TestBasicFunctionality::test_config_validation PASSED [  7%]
tests/test_config.py::TestBasicFunctionality::test_config_hot_reload PASSED [  8%]
tests/test_config.py::TestErrorHandling::test_handles_none_input PASSED  [  9%]
tests/test_config.py::TestErrorHandling::test_handles_empty_input PASSED [ 11%]
tests/test_config.py::TestErrorHandling::test_handles_invalid_type PASSED [ 12%]
tests/test_config.py::TestErrorHandling::test_error_recovery PASSED      [ 14%]
tests/test_config.py::TestResourceManagement::test_resource_allocation PASSED [ 15%]
tests/test_config.py::TestResourceManagement::test_resource_cleanup PASSED [ 16%]
tests/test_config.py::TestResourceManagement::test_thread_safety PASSED  [ 18%]
tests/test_config.py::TestPerformance::test_execution_time_acceptable PASSED [ 19%]
tests/test_config.py::TestPerformance::test_no_memory_leaks PASSED       [ 21%]
tests/test_config_integration.py::Testai_config_managerConfigIntegration::test_config_integration_module PASSED [ 22%]
tests/test_config_integration.py::Testai_config_managerConfigIntegration::test_get_config_singleton PASSED [ 23%]
tests/test_config_integration.py::Testai_config_managerConfigIntegration::test_get_config_returns_dict PASSED [ 25%]
tests/test_config_integration.py::Testai_config_managerConfigIntegration::test_reload_config PASSED [ 26%]
tests/test_config_integration.py::Testai_config_managerConfigIntegration::test_is_available_method PASSED [ 28%]
tests/test_config_manager.py::TestConfigManager::test_load_valid_config PASSED [ 29%]
tests/test_config_manager.py::TestConfigManager::test_load_nonexistent_file PASSED [ 30%]
tests/test_config_manager.py::TestConfigManager::test_get_agent_config PASSED [ 32%]
tests/test_config_manager.py::TestConfigManager::test_get_agent_config_not_found PASSED [ 33%]
tests/test_config_manager.py::TestConfigManager::test_get_resource_config PASSED [ 35%]
tests/test_config_manager.py::TestConfigManager::test_hot_reload PASSED  [ 36%]
tests/test_config_manager.py::TestConfigManager::test_update_agent_config PASSED [ 38%]
tests/test_config_manager.py::TestConfigManager::test_validate_valid_config PASSED [ 39%]
tests/test_config_manager.py::TestConfigManager::test_context_manager PASSED [ 40%]
tests/test_resource_pool.py::TestResourcePool::test_register_resource PASSED [ 42%]
tests/test_resource_pool.py::TestResourcePool::test_unregister_resource PASSED [ 43%]
tests/test_resource_pool.py::TestResourcePool::test_connect_resource PASSED [ 45%]
tests/test_resource_pool.py::TestResourcePool::test_disconnect_resource PASSED [ 46%]
tests/test_resource_pool.py::TestResourcePool::test_connect_nonexistent_resource PASSED [ 47%]
tests/test_resource_pool.py::TestResourcePool::test_get_resource PASSED  [ 49%]
tests/test_resource_pool.py::TestResourcePool::test_list_resources PASSED [ 50%]
tests/test_resource_pool.py::TestResourcePool::test_health_check PASSED  [ 52%]
tests/test_resource_pool.py::TestResourcePool::test_connect_all PASSED   [ 53%]
tests/test_resource_pool.py::TestResourcePool::test_disconnect_all PASSED [ 54%]
tests/test_resource_pool.py::TestResourcePool::test_duplicate_registration PASSED [ 56%]
tests/test_security.py::TestSecretMasking::test_mask_api_key PASSED      [ 57%]
tests/test_security.py::TestSecretMasking::test_mask_bearer_token PASSED [ 59%]
tests/test_security.py::TestSecretMasking::test_mask_password PASSED     [ 60%]
tests/test_security.py::TestSecretMasking::test_mask_aws_key PASSED      [ 61%]
tests/test_security.py::TestSecretMasking::test_mask_private_key PASSED  [ 63%]
tests/test_security.py::TestSecretMasking::test_mask_database_url PASSED [ 64%]
tests/test_security.py::TestSecretMasking::test_mask_jwt_token PASSED    [ 66%]
tests/test_security.py::TestSecretMasking::test_mask_dict_with_sensitive_keys PASSED [ 67%]
tests/test_security.py::TestSecretMasking::test_mask_dict_nested PASSED  [ 69%]
tests/test_security.py::TestSecretMasking::test_mask_sensitive_string PASSED [ 70%]
tests/test_security.py::TestSecretMasking::test_mask_sensitive_dict PASSED [ 71%]
tests/test_security.py::TestSecretMasking::test_mask_sensitive_list PASSED [ 73%]
tests/test_security.py::TestSecretMasking::test_no_false_positives PASSED [ 74%]
tests/test_security.py::TestSecretMasking::test_custom_keys_to_mask PASSED [ 76%]
tests/test_validators.py::TestAgentConfig::test_valid_agent_config PASSED [ 77%]
tests/test_validators.py::TestAgentConfig::test_default_values PASSED    [ 78%]
tests/test_validators.py::TestAgentConfig::test_temperature_validation_min PASSED [ 80%]
tests/test_validators.py::TestAgentConfig::test_temperature_validation_max PASSED [ 81%]
tests/test_validators.py::TestAgentConfig::test_max_tokens_validation PASSED [ 83%]
tests/test_validators.py::TestAgentConfig::test_optional_resources PASSED [ 84%]
tests/test_validators.py::TestResourceConfig::test_valid_resource_config PASSED [ 85%]
tests/test_validators.py::TestResourceConfig::test_resource_type_tool PASSED [ 87%]
tests/test_validators.py::TestResourceConfig::test_resource_type_model PASSED [ 88%]
tests/test_validators.py::TestResourceConfig::test_resource_type_api PASSED [ 90%]
tests/test_validators.py::TestResourceConfig::test_empty_config_dict PASSED [ 91%]
tests/test_validators.py::TestSecretsConfig::test_valid_secrets_config PASSED [ 92%]
tests/test_validators.py::TestSecretsConfig::test_mask_secrets PASSED    [ 94%]
tests/test_validators.py::TestAIConfig::test_valid_ai_config PASSED      [ 95%]
tests/test_validators.py::TestAIConfig::test_empty_config PASSED         [ 97%]
tests/test_validators.py::TestAIConfig::test_unique_resource_names PASSED [ 98%]
tests/test_validators.py::TestAIConfig::test_default_version PASSED      [100%]
WARNING: Failed to generate report: No data to report.



============================= 71 passed in 0.77s ==============================

STDERR:
C:\Users\Z\.pyenv\pyenv-win\versions\3.12.5\Lib\site-packages\coverage\inorout.py:561: CoverageWarning: Module apps/ai_config_manager/src was never imported. (module-not-imported); see https://coverage.readthedocs.io/en/7.13.5/messages.html#warning-module-not-imported
  self.warn(f"Module {pkg} was never imported.", slug="module-not-imported")
C:\Users\Z\.pyenv\pyenv-win\versions\3.12.5\Lib\site-packages\coverage\control.py:958: CoverageWarning: No data was collected. (no-data-collected); see https://coverage.readthedocs.io/en/7.13.5/messages.html#warning-no-data-collected
  self._warn("No data was collected.", slug="no-data-collected")
C:\Users\Z\.pyenv\pyenv-win\versions\3.12.5\Lib\site-packages\pytest_cov\plugin.py:366: CovReportWarning: Failed to generate report: No data to report.

  warnings.warn(CovReportWarning(message), stacklevel=1)
